src/app/api/admin/global-stats/route.ts(37,30): error TS2769: No overload matches this call.
  Overload 1 of 2, '(relation: "accesos_qr" | "perfiles" | "gimnasios" | "actividades" | "anuncios_globales" | "asistencias" | "audit_log_coach" | "audit_logs" | "campanas_marketing" | "conversaciones" | ... 39 more ... | "videos_ejercicio"): PostgrestQueryBuilder<...>', gave the following error.
    Argument of type '"saas_mrr_actual"' is not assignable to parameter of type '"accesos_qr" | "perfiles" | "gimnasios" | "actividades" | "anuncios_globales" | "asistencias" | "audit_log_coach" | "audit_logs" | "campanas_marketing" | "conversaciones" | ... 39 more ... | "videos_ejercicio"'.
  Overload 2 of 2, '(relation: "classes_with_availability" | "user_bookings_detailed"): PostgrestQueryBuilder<{ PostgrestVersion: "13.0.5"; }, { Tables: { accesos_qr: { Row: { alumno_id: string; creado_en: string; expira_en: string; gimnasio_id: string; id: string; token_dinamico: string; usado: boolean; }; Insert: { ...; }; Update: { ...; }; Relationships: [...]; }; ... 48 more ...; videos_ejercicio: { ...; }; }; Views: { ...; }; Functions: { ...; }; Enums: { ...; }; CompositeTypes: {}; }, { ...; } | { ...; }, "classes_with_availability" | "user_bookings_detailed", [...] | [...]>', gave the following error.
    Argument of type '"saas_mrr_actual"' is not assignable to parameter of type '"classes_with_availability" | "user_bookings_detailed"'.
src/app/api/admin/global-stats/route.ts(69,43): error TS2589: Type instantiation is excessively deep and possibly infinite.
src/app/api/admin/global-stats/route.ts(70,19): error TS2769: No overload matches this call.
  Overload 1 of 2, '(relation: "accesos_qr" | "perfiles" | "gimnasios" | "actividades" | "anuncios_globales" | "asistencias" | "audit_log_coach" | "audit_logs" | "campanas_marketing" | "conversaciones" | ... 39 more ... | "videos_ejercicio"): PostgrestQueryBuilder<...>', gave the following error.
    Argument of type '"auditoria_global"' is not assignable to parameter of type '"accesos_qr" | "perfiles" | "gimnasios" | "actividades" | "anuncios_globales" | "asistencias" | "audit_log_coach" | "audit_logs" | "campanas_marketing" | "conversaciones" | ... 39 more ... | "videos_ejercicio"'.
  Overload 2 of 2, '(relation: "classes_with_availability" | "user_bookings_detailed"): PostgrestQueryBuilder<{ PostgrestVersion: "13.0.5"; }, { Tables: { accesos_qr: { Row: { alumno_id: string; creado_en: string; expira_en: string; gimnasio_id: string; id: string; token_dinamico: string; usado: boolean; }; Insert: { ...; }; Update: { ...; }; Relationships: [...]; }; ... 48 more ...; videos_ejercicio: { ...; }; }; Views: { ...; }; Functions: { ...; }; Enums: { ...; }; CompositeTypes: {}; }, { ...; } | { ...; }, "classes_with_availability" | "user_bookings_detailed", [...] | [...]>', gave the following error.
    Argument of type '"auditoria_global"' is not assignable to parameter of type '"classes_with_availability" | "user_bookings_detailed"'.
src/app/api/admin/global-stats/route.ts(97,13): error TS2589: Type instantiation is excessively deep and possibly infinite.
src/app/api/admin/global-stats/route.ts(97,13): error TS2589: Type instantiation is excessively deep and possibly infinite.
src/app/api/admin/global-stats/route.ts(98,23): error TS2769: No overload matches this call.
  Overload 1 of 2, '(relation: "accesos_qr" | "perfiles" | "gimnasios" | "actividades" | "anuncios_globales" | "asistencias" | "audit_log_coach" | "audit_logs" | "campanas_marketing" | "conversaciones" | ... 39 more ... | "videos_ejercicio"): PostgrestQueryBuilder<...>', gave the following error.
    Argument of type '"tickets_soporte"' is not assignable to parameter of type '"accesos_qr" | "perfiles" | "gimnasios" | "actividades" | "anuncios_globales" | "asistencias" | "audit_log_coach" | "audit_logs" | "campanas_marketing" | "conversaciones" | ... 39 more ... | "videos_ejercicio"'.
  Overload 2 of 2, '(relation: "classes_with_availability" | "user_bookings_detailed"): PostgrestQueryBuilder<{ PostgrestVersion: "13.0.5"; }, { Tables: { accesos_qr: { Row: { alumno_id: string; creado_en: string; expira_en: string; gimnasio_id: string; id: string; token_dinamico: string; usado: boolean; }; Insert: { ...; }; Update: { ...; }; Relationships: [...]; }; ... 48 more ...; videos_ejercicio: { ...; }; }; Views: { ...; }; Functions: { ...; }; Enums: { ...; }; CompositeTypes: {}; }, { ...; } | { ...; }, "classes_with_availability" | "user_bookings_detailed", [...] | [...]>', gave the following error.
    Argument of type '"tickets_soporte"' is not assignable to parameter of type '"classes_with_availability" | "user_bookings_detailed"'.
src/app/api/admin/gyms/notify-urgent/route.ts(19,29): error TS2769: No overload matches this call.
  Overload 1 of 2, '(relation: "accesos_qr" | "perfiles" | "gimnasios" | "actividades" | "anuncios_globales" | "asistencias" | "audit_log_coach" | "audit_logs" | "campanas_marketing" | "conversaciones" | ... 39 more ... | "videos_ejercicio"): PostgrestQueryBuilder<...>', gave the following error.
    Argument of type '"auditoria_global"' is not assignable to parameter of type '"accesos_qr" | "perfiles" | "gimnasios" | "actividades" | "anuncios_globales" | "asistencias" | "audit_log_coach" | "audit_logs" | "campanas_marketing" | "conversaciones" | ... 39 more ... | "videos_ejercicio"'.
  Overload 2 of 2, '(relation: "classes_with_availability" | "user_bookings_detailed"): PostgrestQueryBuilder<{ PostgrestVersion: "13.0.5"; }, { Tables: { accesos_qr: { Row: { alumno_id: string; creado_en: string; expira_en: string; gimnasio_id: string; id: string; token_dinamico: string; usado: boolean; }; Insert: { ...; }; Update: { ...; }; Relationships: [...]; }; ... 48 more ...; videos_ejercicio: { ...; }; }; Views: { ...; }; Functions: { ...; }; Enums: { ...; }; CompositeTypes: {}; }, { ...; } | { ...; }, "classes_with_availability" | "user_bookings_detailed", [...] | [...]>', gave the following error.
    Argument of type '"auditoria_global"' is not assignable to parameter of type '"classes_with_availability" | "user_bookings_detailed"'.
src/app/api/admin/gyms/notify-urgent/route.ts(30,60): error TS2769: No overload matches this call.
  Overload 1 of 2, '(relation: "accesos_qr" | "perfiles" | "gimnasios" | "actividades" | "anuncios_globales" | "asistencias" | "audit_log_coach" | "audit_logs" | "campanas_marketing" | "conversaciones" | ... 39 more ... | "videos_ejercicio"): PostgrestQueryBuilder<...>', gave the following error.
    Argument of type '"tickets_soporte"' is not assignable to parameter of type '"accesos_qr" | "perfiles" | "gimnasios" | "actividades" | "anuncios_globales" | "asistencias" | "audit_log_coach" | "audit_logs" | "campanas_marketing" | "conversaciones" | ... 39 more ... | "videos_ejercicio"'.
  Overload 2 of 2, '(relation: "classes_with_availability" | "user_bookings_detailed"): PostgrestQueryBuilder<{ PostgrestVersion: "13.0.5"; }, { Tables: { accesos_qr: { Row: { alumno_id: string; creado_en: string; expira_en: string; gimnasio_id: string; id: string; token_dinamico: string; usado: boolean; }; Insert: { ...; }; Update: { ...; }; Relationships: [...]; }; ... 48 more ...; videos_ejercicio: { ...; }; }; Views: { ...; }; Functions: { ...; }; Enums: { ...; }; CompositeTypes: {}; }, { ...; } | { ...; }, "classes_with_availability" | "user_bookings_detailed", [...] | [...]>', gave the following error.
    Argument of type '"tickets_soporte"' is not assignable to parameter of type '"classes_with_availability" | "user_bookings_detailed"'.
src/app/api/saas-admin/metrics/update/route.ts(19,55): error TS2769: No overload matches this call.
  Overload 1 of 2, '(relation: "accesos_qr" | "perfiles" | "gimnasios" | "actividades" | "anuncios_globales" | "asistencias" | "audit_log_coach" | "audit_logs" | "campanas_marketing" | "conversaciones" | ... 39 more ... | "videos_ejercicio"): PostgrestQueryBuilder<...>', gave the following error.
    Argument of type '"saas_mrr_actual"' is not assignable to parameter of type '"accesos_qr" | "perfiles" | "gimnasios" | "actividades" | "anuncios_globales" | "asistencias" | "audit_log_coach" | "audit_logs" | "campanas_marketing" | "conversaciones" | ... 39 more ... | "videos_ejercicio"'.
  Overload 2 of 2, '(relation: "classes_with_availability" | "user_bookings_detailed"): PostgrestQueryBuilder<{ PostgrestVersion: "13.0.5"; }, { Tables: { accesos_qr: { Row: { alumno_id: string; creado_en: string; expira_en: string; gimnasio_id: string; id: string; token_dinamico: string; usado: boolean; }; Insert: { ...; }; Update: { ...; }; Relationships: [...]; }; ... 48 more ...; videos_ejercicio: { ...; }; }; Views: { ...; }; Functions: { ...; }; Enums: { ...; }; CompositeTypes: {}; }, { ...; } | { ...; }, "classes_with_availability" | "user_bookings_detailed", [...] | [...]>', gave the following error.
    Argument of type '"saas_mrr_actual"' is not assignable to parameter of type '"classes_with_availability" | "user_bookings_detailed"'.
src/app/api/saas-admin/metrics/update/route.ts(20,30): error TS2339: Property 'mrr_estimado' does not exist on type '{ activo: boolean; contenido: string; creado_en: string; creado_por: string; destino: string; enviado_newsletter: boolean; expires_at: string; fecha_envio_newsletter: string; id: string; tipo: string; titulo: string; } | ... 48 more ... | { ...; }'.
  Property 'mrr_estimado' does not exist on type '{ activo: boolean; contenido: string; creado_en: string; creado_por: string; destino: string; enviado_newsletter: boolean; expires_at: string; fecha_envio_newsletter: string; id: string; tipo: string; titulo: string; }'.
src/app/api/saas/support/[ticketId]/messages/route.ts(34,69): error TS2589: Type instantiation is excessively deep and possibly infinite.
src/app/api/saas/support/[ticketId]/messages/route.ts(35,23): error TS2769: No overload matches this call.
  Overload 1 of 2, '(relation: "accesos_qr" | "perfiles" | "gimnasios" | "actividades" | "anuncios_globales" | "asistencias" | "audit_log_coach" | "audit_logs" | "campanas_marketing" | "conversaciones" | ... 39 more ... | "videos_ejercicio"): PostgrestQueryBuilder<...>', gave the following error.
    Argument of type '"tickets_soporte_saas"' is not assignable to parameter of type '"accesos_qr" | "perfiles" | "gimnasios" | "actividades" | "anuncios_globales" | "asistencias" | "audit_log_coach" | "audit_logs" | "campanas_marketing" | "conversaciones" | ... 39 more ... | "videos_ejercicio"'.
  Overload 2 of 2, '(relation: "classes_with_availability" | "user_bookings_detailed"): PostgrestQueryBuilder<{ PostgrestVersion: "13.0.5"; }, { Tables: { accesos_qr: { Row: { alumno_id: string; creado_en: string; expira_en: string; gimnasio_id: string; id: string; token_dinamico: string; usado: boolean; }; Insert: { ...; }; Update: { ...; }; Relationships: [...]; }; ... 48 more ...; videos_ejercicio: { ...; }; }; Views: { ...; }; Functions: { ...; }; Enums: { ...; }; CompositeTypes: {}; }, { ...; } | { ...; }, "classes_with_availability" | "user_bookings_detailed", [...] | [...]>', gave the following error.
    Argument of type '"tickets_soporte_saas"' is not assignable to parameter of type '"classes_with_availability" | "user_bookings_detailed"'.
src/app/api/saas/support/[ticketId]/messages/route.ts(44,24): error TS2339: Property 'gimnasio_id' does not exist on type 'SelectQueryError<"column 'gimnasio_id' does not exist on 'accesos_qr'."> | SelectQueryError<"column 'gimnasio_id' does not exist on 'perfiles'."> | ... 47 more ... | SelectQueryError<...>'.
  Property 'gimnasio_id' does not exist on type 'SelectQueryError<"column 'gimnasio_id' does not exist on 'accesos_qr'.">'.
src/app/api/saas/support/[ticketId]/messages/route.ts(49,49): error TS2589: Type instantiation is excessively deep and possibly infinite.
src/app/api/saas/support/[ticketId]/messages/route.ts(49,49): error TS2589: Type instantiation is excessively deep and possibly infinite.
src/app/api/saas/support/[ticketId]/messages/route.ts(50,19): error TS2769: No overload matches this call.
  Overload 1 of 2, '(relation: "accesos_qr" | "perfiles" | "gimnasios" | "actividades" | "anuncios_globales" | "asistencias" | "audit_log_coach" | "audit_logs" | "campanas_marketing" | "conversaciones" | ... 39 more ... | "videos_ejercicio"): PostgrestQueryBuilder<...>', gave the following error.
    Argument of type '"mensajes_soporte"' is not assignable to parameter of type '"accesos_qr" | "perfiles" | "gimnasios" | "actividades" | "anuncios_globales" | "asistencias" | "audit_log_coach" | "audit_logs" | "campanas_marketing" | "conversaciones" | ... 39 more ... | "videos_ejercicio"'.
  Overload 2 of 2, '(relation: "classes_with_availability" | "user_bookings_detailed"): PostgrestQueryBuilder<{ PostgrestVersion: "13.0.5"; }, { Tables: { accesos_qr: { Row: { alumno_id: string; creado_en: string; expira_en: string; gimnasio_id: string; id: string; token_dinamico: string; usado: boolean; }; Insert: { ...; }; Update: { ...; }; Relationships: [...]; }; ... 48 more ...; videos_ejercicio: { ...; }; }; Views: { ...; }; Functions: { ...; }; Enums: { ...; }; CompositeTypes: {}; }, { ...; } | { ...; }, "classes_with_availability" | "user_bookings_detailed", [...] | [...]>', gave the following error.
    Argument of type '"mensajes_soporte"' is not assignable to parameter of type '"classes_with_availability" | "user_bookings_detailed"'.
src/app/api/saas/support/[ticketId]/messages/route.ts(96,23): error TS2769: No overload matches this call.
  Overload 1 of 2, '(relation: "accesos_qr" | "perfiles" | "gimnasios" | "actividades" | "anuncios_globales" | "asistencias" | "audit_log_coach" | "audit_logs" | "campanas_marketing" | "conversaciones" | ... 39 more ... | "videos_ejercicio"): PostgrestQueryBuilder<...>', gave the following error.
    Argument of type '"tickets_soporte_saas"' is not assignable to parameter of type '"accesos_qr" | "perfiles" | "gimnasios" | "actividades" | "anuncios_globales" | "asistencias" | "audit_log_coach" | "audit_logs" | "campanas_marketing" | "conversaciones" | ... 39 more ... | "videos_ejercicio"'.
  Overload 2 of 2, '(relation: "classes_with_availability" | "user_bookings_detailed"): PostgrestQueryBuilder<{ PostgrestVersion: "13.0.5"; }, { Tables: { accesos_qr: { Row: { alumno_id: string; creado_en: string; expira_en: string; gimnasio_id: string; id: string; token_dinamico: string; usado: boolean; }; Insert: { ...; }; Update: { ...; }; Relationships: [...]; }; ... 48 more ...; videos_ejercicio: { ...; }; }; Views: { ...; }; Functions: { ...; }; Enums: { ...; }; CompositeTypes: {}; }, { ...; } | { ...; }, "classes_with_availability" | "user_bookings_detailed", [...] | [...]>', gave the following error.
    Argument of type '"tickets_soporte_saas"' is not assignable to parameter of type '"classes_with_availability" | "user_bookings_detailed"'.
src/app/api/saas/support/[ticketId]/messages/route.ts(105,24): error TS2339: Property 'gimnasio_id' does not exist on type 'SelectQueryError<"column 'gimnasio_id' does not exist on 'accesos_qr'."> | SelectQueryError<"column 'gimnasio_id' does not exist on 'perfiles'."> | ... 47 more ... | SelectQueryError<...>'.
  Property 'gimnasio_id' does not exist on type 'SelectQueryError<"column 'gimnasio_id' does not exist on 'accesos_qr'.">'.
src/app/api/saas/support/[ticketId]/messages/route.ts(112,19): error TS2769: No overload matches this call.
  Overload 1 of 2, '(relation: "accesos_qr" | "perfiles" | "gimnasios" | "actividades" | "anuncios_globales" | "asistencias" | "audit_log_coach" | "audit_logs" | "campanas_marketing" | "conversaciones" | ... 39 more ... | "videos_ejercicio"): PostgrestQueryBuilder<...>', gave the following error.
    Argument of type '"mensajes_soporte"' is not assignable to parameter of type '"accesos_qr" | "perfiles" | "gimnasios" | "actividades" | "anuncios_globales" | "asistencias" | "audit_log_coach" | "audit_logs" | "campanas_marketing" | "conversaciones" | ... 39 more ... | "videos_ejercicio"'.
  Overload 2 of 2, '(relation: "classes_with_availability" | "user_bookings_detailed"): PostgrestQueryBuilder<{ PostgrestVersion: "13.0.5"; }, { Tables: { accesos_qr: { Row: { alumno_id: string; creado_en: string; expira_en: string; gimnasio_id: string; id: string; token_dinamico: string; usado: boolean; }; Insert: { ...; }; Update: { ...; }; Relationships: [...]; }; ... 48 more ...; videos_ejercicio: { ...; }; }; Views: { ...; }; Functions: { ...; }; Enums: { ...; }; CompositeTypes: {}; }, { ...; } | { ...; }, "classes_with_availability" | "user_bookings_detailed", [...] | [...]>', gave the following error.
    Argument of type '"mensajes_soporte"' is not assignable to parameter of type '"classes_with_availability" | "user_bookings_detailed"'.
src/app/api/saas/support/[ticketId]/messages/route.ts(114,17): error TS2769: No overload matches this call.
  Overload 1 of 2, '(values: { alumno_id: string; creado_en?: string; expira_en: string; gimnasio_id: string; id?: string; token_dinamico: string; usado?: boolean; } | { actualizado_en?: string; capacidad_maxima?: number; ... 10 more ...; url_imagen?: string; } | ... 47 more ... | { ...; }, options?: { ...; }): PostgrestFilterBuilder<...>', gave the following error.
    Object literal may only specify known properties, and 'ticket_id' does not exist in type '{ alumno_id: string; creado_en?: string; expira_en: string; gimnasio_id: string; id?: string; token_dinamico: string; usado?: boolean; } | { actualizado_en?: string; capacidad_maxima?: number; categoria?: string; ... 9 more ...; url_imagen?: string; } | ... 47 more ... | { ...; }'.
  Overload 2 of 2, '(values: ({ alumno_id: string; creado_en?: string; expira_en: string; gimnasio_id: string; id?: string; token_dinamico: string; usado?: boolean; } | { actualizado_en?: string; capacidad_maxima?: number; ... 10 more ...; url_imagen?: string; } | ... 47 more ... | { ...; })[], options?: { ...; }): PostgrestFilterBuilder<...>', gave the following error.
    Object literal may only specify known properties, and 'ticket_id' does not exist in type '({ alumno_id: string; creado_en?: string; expira_en: string; gimnasio_id: string; id?: string; token_dinamico: string; usado?: boolean; } | { actualizado_en?: string; capacidad_maxima?: number; categoria?: string; ... 9 more ...; url_imagen?: string; } | ... 47 more ... | { ...; })[]'.
src/app/api/saas/support/[ticketId]/messages/route.ts(124,19): error TS2769: No overload matches this call.
  Overload 1 of 2, '(relation: "accesos_qr" | "perfiles" | "gimnasios" | "actividades" | "anuncios_globales" | "asistencias" | "audit_log_coach" | "audit_logs" | "campanas_marketing" | "conversaciones" | ... 39 more ... | "videos_ejercicio"): PostgrestQueryBuilder<...>', gave the following error.
    Argument of type '"tickets_soporte_saas"' is not assignable to parameter of type '"accesos_qr" | "perfiles" | "gimnasios" | "actividades" | "anuncios_globales" | "asistencias" | "audit_log_coach" | "audit_logs" | "campanas_marketing" | "conversaciones" | ... 39 more ... | "videos_ejercicio"'.
  Overload 2 of 2, '(relation: "classes_with_availability" | "user_bookings_detailed"): PostgrestQueryBuilder<{ PostgrestVersion: "13.0.5"; }, { Tables: { accesos_qr: { Row: { alumno_id: string; creado_en: string; expira_en: string; gimnasio_id: string; id: string; token_dinamico: string; usado: boolean; }; Insert: { ...; }; Update: { ...; }; Relationships: [...]; }; ... 48 more ...; videos_ejercicio: { ...; }; }; Views: { ...; }; Functions: { ...; }; Enums: { ...; }; CompositeTypes: {}; }, { ...; } | { ...; }, "classes_with_availability" | "user_bookings_detailed", [...] | [...]>', gave the following error.
    Argument of type '"tickets_soporte_saas"' is not assignable to parameter of type '"classes_with_availability" | "user_bookings_detailed"'.
src/app/api/saas/support/route.ts(27,21): error TS2589: Type instantiation is excessively deep and possibly infinite.
src/app/api/saas/support/route.ts(27,38): error TS2769: No overload matches this call.
  Overload 1 of 2, '(relation: "accesos_qr" | "perfiles" | "gimnasios" | "actividades" | "anuncios_globales" | "asistencias" | "audit_log_coach" | "audit_logs" | "campanas_marketing" | "conversaciones" | ... 39 more ... | "videos_ejercicio"): PostgrestQueryBuilder<...>', gave the following error.
    Argument of type '"tickets_soporte_saas"' is not assignable to parameter of type '"accesos_qr" | "perfiles" | "gimnasios" | "actividades" | "anuncios_globales" | "asistencias" | "audit_log_coach" | "audit_logs" | "campanas_marketing" | "conversaciones" | ... 39 more ... | "videos_ejercicio"'.
  Overload 2 of 2, '(relation: "classes_with_availability" | "user_bookings_detailed"): PostgrestQueryBuilder<{ PostgrestVersion: "13.0.5"; }, { Tables: { accesos_qr: { Row: { alumno_id: string; creado_en: string; expira_en: string; gimnasio_id: string; id: string; token_dinamico: string; usado: boolean; }; Insert: { ...; }; Update: { ...; }; Relationships: [...]; }; ... 48 more ...; videos_ejercicio: { ...; }; }; Views: { ...; }; Functions: { ...; }; Enums: { ...; }; CompositeTypes: {}; }, { ...; } | { ...; }, "classes_with_availability" | "user_bookings_detailed", [...] | [...]>', gave the following error.
    Argument of type '"tickets_soporte_saas"' is not assignable to parameter of type '"classes_with_availability" | "user_bookings_detailed"'.
src/app/api/saas/support/route.ts(35,21): error TS2589: Type instantiation is excessively deep and possibly infinite.
src/app/api/saas/support/route.ts(72,19): error TS2769: No overload matches this call.
  Overload 1 of 2, '(relation: "accesos_qr" | "perfiles" | "gimnasios" | "actividades" | "anuncios_globales" | "asistencias" | "audit_log_coach" | "audit_logs" | "campanas_marketing" | "conversaciones" | ... 39 more ... | "videos_ejercicio"): PostgrestQueryBuilder<...>', gave the following error.
    Argument of type '"tickets_soporte_saas"' is not assignable to parameter of type '"accesos_qr" | "perfiles" | "gimnasios" | "actividades" | "anuncios_globales" | "asistencias" | "audit_log_coach" | "audit_logs" | "campanas_marketing" | "conversaciones" | ... 39 more ... | "videos_ejercicio"'.
  Overload 2 of 2, '(relation: "classes_with_availability" | "user_bookings_detailed"): PostgrestQueryBuilder<{ PostgrestVersion: "13.0.5"; }, { Tables: { accesos_qr: { Row: { alumno_id: string; creado_en: string; expira_en: string; gimnasio_id: string; id: string; token_dinamico: string; usado: boolean; }; Insert: { ...; }; Update: { ...; }; Relationships: [...]; }; ... 48 more ...; videos_ejercicio: { ...; }; }; Views: { ...; }; Functions: { ...; }; Enums: { ...; }; CompositeTypes: {}; }, { ...; } | { ...; }, "classes_with_availability" | "user_bookings_detailed", [...] | [...]>', gave the following error.
    Argument of type '"tickets_soporte_saas"' is not assignable to parameter of type '"classes_with_availability" | "user_bookings_detailed"'.
src/app/api/saas/support/route.ts(86,19): error TS2769: No overload matches this call.
  Overload 1 of 2, '(relation: "accesos_qr" | "perfiles" | "gimnasios" | "actividades" | "anuncios_globales" | "asistencias" | "audit_log_coach" | "audit_logs" | "campanas_marketing" | "conversaciones" | ... 39 more ... | "videos_ejercicio"): PostgrestQueryBuilder<...>', gave the following error.
    Argument of type '"mensajes_soporte"' is not assignable to parameter of type '"accesos_qr" | "perfiles" | "gimnasios" | "actividades" | "anuncios_globales" | "asistencias" | "audit_log_coach" | "audit_logs" | "campanas_marketing" | "conversaciones" | ... 39 more ... | "videos_ejercicio"'.
  Overload 2 of 2, '(relation: "classes_with_availability" | "user_bookings_detailed"): PostgrestQueryBuilder<{ PostgrestVersion: "13.0.5"; }, { Tables: { accesos_qr: { Row: { alumno_id: string; creado_en: string; expira_en: string; gimnasio_id: string; id: string; token_dinamico: string; usado: boolean; }; Insert: { ...; }; Update: { ...; }; Relationships: [...]; }; ... 48 more ...; videos_ejercicio: { ...; }; }; Views: { ...; }; Functions: { ...; }; Enums: { ...; }; CompositeTypes: {}; }, { ...; } | { ...; }, "classes_with_availability" | "user_bookings_detailed", [...] | [...]>', gave the following error.
    Argument of type '"mensajes_soporte"' is not assignable to parameter of type '"classes_with_availability" | "user_bookings_detailed"'.
src/app/api/saas/support/route.ts(88,17): error TS2769: No overload matches this call.
  Overload 1 of 2, '(values: { alumno_id: string; creado_en?: string; expira_en: string; gimnasio_id: string; id?: string; token_dinamico: string; usado?: boolean; } | { actualizado_en?: string; capacidad_maxima?: number; ... 10 more ...; url_imagen?: string; } | ... 47 more ... | { ...; }, options?: { ...; }): PostgrestFilterBuilder<...>', gave the following error.
    Object literal may only specify known properties, and 'ticket_id' does not exist in type '{ alumno_id: string; creado_en?: string; expira_en: string; gimnasio_id: string; id?: string; token_dinamico: string; usado?: boolean; } | { actualizado_en?: string; capacidad_maxima?: number; categoria?: string; ... 9 more ...; url_imagen?: string; } | ... 47 more ... | { ...; }'.
  Overload 2 of 2, '(values: ({ alumno_id: string; creado_en?: string; expira_en: string; gimnasio_id: string; id?: string; token_dinamico: string; usado?: boolean; } | { actualizado_en?: string; capacidad_maxima?: number; ... 10 more ...; url_imagen?: string; } | ... 47 more ... | { ...; })[], options?: { ...; }): PostgrestFilterBuilder<...>', gave the following error.
    Object literal may only specify known properties, and 'ticket_id' does not exist in type '({ alumno_id: string; creado_en?: string; expira_en: string; gimnasio_id: string; id?: string; token_dinamico: string; usado?: boolean; } | { actualizado_en?: string; capacidad_maxima?: number; categoria?: string; ... 9 more ...; url_imagen?: string; } | ... 47 more ... | { ...; })[]'.
src/app/api/saas/support/route.ts(88,35): error TS2339: Property 'id' does not exist on type '{ activo: boolean; contenido: string; creado_en: string; creado_por: string; destino: string; enviado_newsletter: boolean; expires_at: string; fecha_envio_newsletter: string; id: string; tipo: string; titulo: string; } | ... 48 more ... | { ...; }'.
  Property 'id' does not exist on type '{ actualizado_en: string; creado_en: string; fecha_ultima_actividad: string; nivel: number; puntos: number; racha_actual: number; racha_mas_larga: number; usuario_id: string; }'.
src/app/api/saas/support/route.ts(96,68): error TS2339: Property 'id' does not exist on type '{ activo: boolean; contenido: string; creado_en: string; creado_por: string; destino: string; enviado_newsletter: boolean; expires_at: string; fecha_envio_newsletter: string; id: string; tipo: string; titulo: string; } | ... 48 more ... | { ...; }'.
  Property 'id' does not exist on type '{ actualizado_en: string; creado_en: string; fecha_ultima_actividad: string; nivel: number; puntos: number; racha_actual: number; racha_mas_larga: number; usuario_id: string; }'.
